Started GET "/" for 127.0.0.1 at 2017-04-28 17:16:46 -0700
DEPRECATION WARNING: #original_exception is deprecated. Use #cause instead. (called from initialize at /home/sweta/.rbenv/versions/2.3.1/lib/ruby/gems/2.3.0/gems/better_errors-2.1.1/lib/better_errors/raised_exception.rb:7)
DEPRECATION WARNING: #original_exception is deprecated. Use #cause instead. (called from initialize at /home/sweta/.rbenv/versions/2.3.1/lib/ruby/gems/2.3.0/gems/better_errors-2.1.1/lib/better_errors/raised_exception.rb:8)

PG::ConnectionBad - FATAL:  database "db/development" does not exist
:
  activerecord (5.0.2) lib/active_record/connection_adapters/postgresql_adapter.rb:671:in `connect'
  activerecord (5.0.2) lib/active_record/connection_adapters/postgresql_adapter.rb:217:in `initialize'
  activerecord (5.0.2) lib/active_record/connection_adapters/postgresql_adapter.rb:37:in `postgresql_connection'
  activerecord (5.0.2) lib/active_record/connection_adapters/abstract/connection_pool.rb:729:in `new_connection'
  activerecord (5.0.2) lib/active_record/connection_adapters/abstract/connection_pool.rb:773:in `checkout_new_connection'
  activerecord (5.0.2) lib/active_record/connection_adapters/abstract/connection_pool.rb:752:in `try_to_checkout_new_connection'
  activerecord (5.0.2) lib/active_record/connection_adapters/abstract/connection_pool.rb:713:in `acquire_connection'
  activerecord (5.0.2) lib/active_record/connection_adapters/abstract/connection_pool.rb:490:in `checkout'
  activerecord (5.0.2) lib/active_record/connection_adapters/abstract/connection_pool.rb:364:in `connection'
  activerecord (5.0.2) lib/active_record/connection_adapters/abstract/connection_pool.rb:883:in `retrieve_connection'
  activerecord (5.0.2) lib/active_record/connection_handling.rb:128:in `retrieve_connection'
  activerecord (5.0.2) lib/active_record/connection_handling.rb:91:in `connection'
  activerecord (5.0.2) lib/active_record/migration.rb:559:in `connection'
  activerecord (5.0.2) lib/active_record/migration.rb:546:in `call'
  actionpack (5.0.2) lib/action_dispatch/middleware/callbacks.rb:38:in `block in call'
  activesupport (5.0.2) lib/active_support/callbacks.rb:97:in `__run_callbacks__'
  activesupport (5.0.2) lib/active_support/callbacks.rb:750:in `_run_call_callbacks'
  activesupport (5.0.2) lib/active_support/callbacks.rb:90:in `run_callbacks'
  actionpack (5.0.2) lib/action_dispatch/middleware/callbacks.rb:36:in `call'
  actionpack (5.0.2) lib/action_dispatch/middleware/executor.rb:12:in `call'
  actionpack (5.0.2) lib/action_dispatch/middleware/remote_ip.rb:79:in `call'
  better_errors (2.1.1) lib/better_errors/middleware.rb:84:in `protected_app_call'
  better_errors (2.1.1) lib/better_errors/middleware.rb:79:in `better_errors_call'
  better_errors (2.1.1) lib/better_errors/middleware.rb:57:in `call'
  actionpack (5.0.2) lib/action_dispatch/middleware/debug_exceptions.rb:49:in `call'
  web-console (3.5.0) lib/web_console/middleware.rb:135:in `call_app'
  web-console (3.5.0) lib/web_console/middleware.rb:28:in `block in call'
  web-console (3.5.0) lib/web_console/middleware.rb:18:in `call'
  actionpack (5.0.2) lib/action_dispatch/middleware/show_exceptions.rb:31:in `call'
  railties (5.0.2) lib/rails/rack/logger.rb:36:in `call_app'
  railties (5.0.2) lib/rails/rack/logger.rb:24:in `block in call'
  activesupport (5.0.2) lib/active_support/tagged_logging.rb:69:in `block in tagged'
  activesupport (5.0.2) lib/active_support/tagged_logging.rb:26:in `tagged'
  activesupport (5.0.2) lib/active_support/tagged_logging.rb:69:in `tagged'
  railties (5.0.2) lib/rails/rack/logger.rb:24:in `call'
  sprockets-rails (3.2.0) lib/sprockets/rails/quiet_assets.rb:13:in `call'
  actionpack (5.0.2) lib/action_dispatch/middleware/request_id.rb:24:in `call'
  rack (2.0.1) lib/rack/method_override.rb:22:in `call'
  rack (2.0.1) lib/rack/runtime.rb:22:in `call'
  activesupport (5.0.2) lib/active_support/cache/strategy/local_cache_middleware.rb:28:in `call'
  actionpack (5.0.2) lib/action_dispatch/middleware/executor.rb:12:in `call'
  actionpack (5.0.2) lib/action_dispatch/middleware/static.rb:136:in `call'
  rack (2.0.1) lib/rack/sendfile.rb:111:in `call'
  railties (5.0.2) lib/rails/engine.rb:522:in `call'
  puma (3.8.2) lib/puma/configuration.rb:224:in `call'
  puma (3.8.2) lib/puma/server.rb:600:in `handle_request'
  puma (3.8.2) lib/puma/server.rb:435:in `process_client'
  puma (3.8.2) lib/puma/server.rb:299:in `block in run'
  puma (3.8.2) lib/puma/thread_pool.rb:120:in `block in spawn_thread'

Started POST "/__better_errors/e00be1e22277f976/variables" for 127.0.0.1 at 2017-04-28 17:16:47 -0700
  [1m[35m (11.4ms)[0m  [1m[35mCREATE TABLE "schema_migrations" ("version" character varying PRIMARY KEY)[0m
  [1m[35m (7.9ms)[0m  [1m[35mCREATE TABLE "ar_internal_metadata" ("key" character varying PRIMARY KEY, "value" character varying, "created_at" timestamp NOT NULL, "updated_at" timestamp NOT NULL)[0m
  [1m[35m (0.4ms)[0m  [1m[34mSELECT pg_try_advisory_lock(8115692404137957555);[0m
  [1m[36mActiveRecord::SchemaMigration Load (0.4ms)[0m  [1m[34mSELECT "schema_migrations".* FROM "schema_migrations"[0m
  [1m[36mActiveRecord::InternalMetadata Load (0.8ms)[0m  [1m[34mSELECT  "ar_internal_metadata".* FROM "ar_internal_metadata" WHERE "ar_internal_metadata"."key" = $1 LIMIT $2[0m  [["key", :environment], ["LIMIT", 1]]
  [1m[35m (0.1ms)[0m  [1m[35mBEGIN[0m
  [1m[35mSQL (0.4ms)[0m  [1m[32mINSERT INTO "ar_internal_metadata" ("key", "value", "created_at", "updated_at") VALUES ($1, $2, $3, $4) RETURNING "key"[0m  [["key", "environment"], ["value", "development"], ["created_at", 2017-04-29 00:17:06 UTC], ["updated_at", 2017-04-29 00:17:06 UTC]]
  [1m[35m (1.2ms)[0m  [1m[35mCOMMIT[0m
  [1m[35m (0.2ms)[0m  [1m[34mSELECT pg_advisory_unlock(8115692404137957555)[0m
  [1m[36mActiveRecord::SchemaMigration Load (0.2ms)[0m  [1m[34mSELECT "schema_migrations".* FROM "schema_migrations"[0m
Started GET "/" for 127.0.0.1 at 2017-04-28 17:17:11 -0700
Processing by StaticPagesController#root as HTML
  Rendering static_pages/root.html.erb within layouts/application
  Rendered static_pages/root.html.erb within layouts/application (1.8ms)
Completed 200 OK in 2538ms (Views: 2537.3ms | ActiveRecord: 0.0ms)


Started GET "/favicon-16x16.png" for 127.0.0.1 at 2017-04-28 17:17:17 -0700
  
ActionController::RoutingError (No route matches [GET] "/favicon-16x16.png"):
  
actionpack (5.0.2) lib/action_dispatch/middleware/debug_exceptions.rb:53:in `call'
web-console (3.5.0) lib/web_console/middleware.rb:135:in `call_app'
web-console (3.5.0) lib/web_console/middleware.rb:28:in `block in call'
web-console (3.5.0) lib/web_console/middleware.rb:18:in `catch'
web-console (3.5.0) lib/web_console/middleware.rb:18:in `call'
actionpack (5.0.2) lib/action_dispatch/middleware/show_exceptions.rb:31:in `call'
railties (5.0.2) lib/rails/rack/logger.rb:36:in `call_app'
railties (5.0.2) lib/rails/rack/logger.rb:24:in `block in call'
activesupport (5.0.2) lib/active_support/tagged_logging.rb:69:in `block in tagged'
activesupport (5.0.2) lib/active_support/tagged_logging.rb:26:in `tagged'
activesupport (5.0.2) lib/active_support/tagged_logging.rb:69:in `tagged'
railties (5.0.2) lib/rails/rack/logger.rb:24:in `call'
sprockets-rails (3.2.0) lib/sprockets/rails/quiet_assets.rb:13:in `call'
actionpack (5.0.2) lib/action_dispatch/middleware/request_id.rb:24:in `call'
rack (2.0.1) lib/rack/method_override.rb:22:in `call'
rack (2.0.1) lib/rack/runtime.rb:22:in `call'
activesupport (5.0.2) lib/active_support/cache/strategy/local_cache_middleware.rb:28:in `call'
actionpack (5.0.2) lib/action_dispatch/middleware/executor.rb:12:in `call'
actionpack (5.0.2) lib/action_dispatch/middleware/static.rb:136:in `call'
rack (2.0.1) lib/rack/sendfile.rb:111:in `call'
railties (5.0.2) lib/rails/engine.rb:522:in `call'
puma (3.8.2) lib/puma/configuration.rb:224:in `call'
puma (3.8.2) lib/puma/server.rb:600:in `handle_request'
puma (3.8.2) lib/puma/server.rb:435:in `process_client'
puma (3.8.2) lib/puma/server.rb:299:in `block in run'
puma (3.8.2) lib/puma/thread_pool.rb:120:in `block in spawn_thread'
  Rendering /home/sweta/.rbenv/versions/2.3.1/lib/ruby/gems/2.3.0/gems/actionpack-5.0.2/lib/action_dispatch/middleware/templates/rescues/routing_error.html.erb within rescues/layout
  Rendering /home/sweta/.rbenv/versions/2.3.1/lib/ruby/gems/2.3.0/gems/actionpack-5.0.2/lib/action_dispatch/middleware/templates/rescues/_trace.html.erb
  Rendered /home/sweta/.rbenv/versions/2.3.1/lib/ruby/gems/2.3.0/gems/actionpack-5.0.2/lib/action_dispatch/middleware/templates/rescues/_trace.html.erb (2.7ms)
  Rendered collection of /home/sweta/.rbenv/versions/2.3.1/lib/ruby/gems/2.3.0/gems/actionpack-5.0.2/lib/action_dispatch/middleware/templates/routes/_route.html.erb [3 times] (9.2ms)
  Rendered /home/sweta/.rbenv/versions/2.3.1/lib/ruby/gems/2.3.0/gems/actionpack-5.0.2/lib/action_dispatch/middleware/templates/routes/_table.html.erb (15.4ms)
  Rendering /home/sweta/.rbenv/versions/2.3.1/lib/ruby/gems/2.3.0/gems/actionpack-5.0.2/lib/action_dispatch/middleware/templates/rescues/_request_and_response.html.erb
  Rendered /home/sweta/.rbenv/versions/2.3.1/lib/ruby/gems/2.3.0/gems/actionpack-5.0.2/lib/action_dispatch/middleware/templates/rescues/_request_and_response.html.erb (1.8ms)
  Rendered /home/sweta/.rbenv/versions/2.3.1/lib/ruby/gems/2.3.0/gems/actionpack-5.0.2/lib/action_dispatch/middleware/templates/rescues/routing_error.html.erb within rescues/layout (69.6ms)
Started GET "/favicon-96x96.png" for 127.0.0.1 at 2017-04-28 17:17:17 -0700
  
ActionController::RoutingError (No route matches [GET] "/favicon-96x96.png"):
  
actionpack (5.0.2) lib/action_dispatch/middleware/debug_exceptions.rb:53:in `call'
web-console (3.5.0) lib/web_console/middleware.rb:135:in `call_app'
web-console (3.5.0) lib/web_console/middleware.rb:28:in `block in call'
web-console (3.5.0) lib/web_console/middleware.rb:18:in `catch'
web-console (3.5.0) lib/web_console/middleware.rb:18:in `call'
actionpack (5.0.2) lib/action_dispatch/middleware/show_exceptions.rb:31:in `call'
railties (5.0.2) lib/rails/rack/logger.rb:36:in `call_app'
railties (5.0.2) lib/rails/rack/logger.rb:24:in `block in call'
activesupport (5.0.2) lib/active_support/tagged_logging.rb:69:in `block in tagged'
activesupport (5.0.2) lib/active_support/tagged_logging.rb:26:in `tagged'
activesupport (5.0.2) lib/active_support/tagged_logging.rb:69:in `tagged'
railties (5.0.2) lib/rails/rack/logger.rb:24:in `call'
sprockets-rails (3.2.0) lib/sprockets/rails/quiet_assets.rb:13:in `call'
actionpack (5.0.2) lib/action_dispatch/middleware/request_id.rb:24:in `call'
rack (2.0.1) lib/rack/method_override.rb:22:in `call'
rack (2.0.1) lib/rack/runtime.rb:22:in `call'
activesupport (5.0.2) lib/active_support/cache/strategy/local_cache_middleware.rb:28:in `call'
actionpack (5.0.2) lib/action_dispatch/middleware/executor.rb:12:in `call'
actionpack (5.0.2) lib/action_dispatch/middleware/static.rb:136:in `call'
rack (2.0.1) lib/rack/sendfile.rb:111:in `call'
railties (5.0.2) lib/rails/engine.rb:522:in `call'
puma (3.8.2) lib/puma/configuration.rb:224:in `call'
puma (3.8.2) lib/puma/server.rb:600:in `handle_request'
puma (3.8.2) lib/puma/server.rb:435:in `process_client'
puma (3.8.2) lib/puma/server.rb:299:in `block in run'
puma (3.8.2) lib/puma/thread_pool.rb:120:in `block in spawn_thread'
  Rendering /home/sweta/.rbenv/versions/2.3.1/lib/ruby/gems/2.3.0/gems/actionpack-5.0.2/lib/action_dispatch/middleware/templates/rescues/routing_error.html.erb within rescues/layout
  Rendering /home/sweta/.rbenv/versions/2.3.1/lib/ruby/gems/2.3.0/gems/actionpack-5.0.2/lib/action_dispatch/middleware/templates/rescues/_trace.html.erb
  Rendered /home/sweta/.rbenv/versions/2.3.1/lib/ruby/gems/2.3.0/gems/actionpack-5.0.2/lib/action_dispatch/middleware/templates/rescues/_trace.html.erb (4.6ms)
  Rendered collection of /home/sweta/.rbenv/versions/2.3.1/lib/ruby/gems/2.3.0/gems/actionpack-5.0.2/lib/action_dispatch/middleware/templates/routes/_route.html.erb [3 times] (3.8ms)
  Rendered /home/sweta/.rbenv/versions/2.3.1/lib/ruby/gems/2.3.0/gems/actionpack-5.0.2/lib/action_dispatch/middleware/templates/routes/_table.html.erb (3.9ms)
  Rendering /home/sweta/.rbenv/versions/2.3.1/lib/ruby/gems/2.3.0/gems/actionpack-5.0.2/lib/action_dispatch/middleware/templates/rescues/_request_and_response.html.erb
  Rendered /home/sweta/.rbenv/versions/2.3.1/lib/ruby/gems/2.3.0/gems/actionpack-5.0.2/lib/action_dispatch/middleware/templates/rescues/_request_and_response.html.erb (3.6ms)
  Rendered /home/sweta/.rbenv/versions/2.3.1/lib/ruby/gems/2.3.0/gems/actionpack-5.0.2/lib/action_dispatch/middleware/templates/rescues/routing_error.html.erb within rescues/layout (46.1ms)
Started GET "/favicon-32x32.png" for 127.0.0.1 at 2017-04-28 17:17:17 -0700
  
ActionController::RoutingError (No route matches [GET] "/favicon-32x32.png"):
  
actionpack (5.0.2) lib/action_dispatch/middleware/debug_exceptions.rb:53:in `call'
web-console (3.5.0) lib/web_console/middleware.rb:135:in `call_app'
web-console (3.5.0) lib/web_console/middleware.rb:28:in `block in call'
web-console (3.5.0) lib/web_console/middleware.rb:18:in `catch'
web-console (3.5.0) lib/web_console/middleware.rb:18:in `call'
actionpack (5.0.2) lib/action_dispatch/middleware/show_exceptions.rb:31:in `call'
railties (5.0.2) lib/rails/rack/logger.rb:36:in `call_app'
railties (5.0.2) lib/rails/rack/logger.rb:24:in `block in call'
activesupport (5.0.2) lib/active_support/tagged_logging.rb:69:in `block in tagged'
activesupport (5.0.2) lib/active_support/tagged_logging.rb:26:in `tagged'
activesupport (5.0.2) lib/active_support/tagged_logging.rb:69:in `tagged'
railties (5.0.2) lib/rails/rack/logger.rb:24:in `call'
sprockets-rails (3.2.0) lib/sprockets/rails/quiet_assets.rb:13:in `call'
actionpack (5.0.2) lib/action_dispatch/middleware/request_id.rb:24:in `call'
rack (2.0.1) lib/rack/method_override.rb:22:in `call'
rack (2.0.1) lib/rack/runtime.rb:22:in `call'
activesupport (5.0.2) lib/active_support/cache/strategy/local_cache_middleware.rb:28:in `call'
actionpack (5.0.2) lib/action_dispatch/middleware/executor.rb:12:in `call'
actionpack (5.0.2) lib/action_dispatch/middleware/static.rb:136:in `call'
rack (2.0.1) lib/rack/sendfile.rb:111:in `call'
railties (5.0.2) lib/rails/engine.rb:522:in `call'
puma (3.8.2) lib/puma/configuration.rb:224:in `call'
puma (3.8.2) lib/puma/server.rb:600:in `handle_request'
puma (3.8.2) lib/puma/server.rb:435:in `process_client'
puma (3.8.2) lib/puma/server.rb:299:in `block in run'
puma (3.8.2) lib/puma/thread_pool.rb:120:in `block in spawn_thread'
  Rendering /home/sweta/.rbenv/versions/2.3.1/lib/ruby/gems/2.3.0/gems/actionpack-5.0.2/lib/action_dispatch/middleware/templates/rescues/routing_error.html.erb within rescues/layout
  Rendering /home/sweta/.rbenv/versions/2.3.1/lib/ruby/gems/2.3.0/gems/actionpack-5.0.2/lib/action_dispatch/middleware/templates/rescues/_trace.html.erb
  Rendered /home/sweta/.rbenv/versions/2.3.1/lib/ruby/gems/2.3.0/gems/actionpack-5.0.2/lib/action_dispatch/middleware/templates/rescues/_trace.html.erb (2.3ms)
  Rendered collection of /home/sweta/.rbenv/versions/2.3.1/lib/ruby/gems/2.3.0/gems/actionpack-5.0.2/lib/action_dispatch/middleware/templates/routes/_route.html.erb [3 times] (2.8ms)
  Rendered /home/sweta/.rbenv/versions/2.3.1/lib/ruby/gems/2.3.0/gems/actionpack-5.0.2/lib/action_dispatch/middleware/templates/routes/_table.html.erb (1.2ms)
  Rendering /home/sweta/.rbenv/versions/2.3.1/lib/ruby/gems/2.3.0/gems/actionpack-5.0.2/lib/action_dispatch/middleware/templates/rescues/_request_and_response.html.erb
  Rendered /home/sweta/.rbenv/versions/2.3.1/lib/ruby/gems/2.3.0/gems/actionpack-5.0.2/lib/action_dispatch/middleware/templates/rescues/_request_and_response.html.erb (1.1ms)
  Rendered /home/sweta/.rbenv/versions/2.3.1/lib/ruby/gems/2.3.0/gems/actionpack-5.0.2/lib/action_dispatch/middleware/templates/rescues/routing_error.html.erb within rescues/layout (30.6ms)
Started GET "/android-icon-192x192.png" for 127.0.0.1 at 2017-04-28 17:17:17 -0700
  
ActionController::RoutingError (No route matches [GET] "/android-icon-192x192.png"):
  
actionpack (5.0.2) lib/action_dispatch/middleware/debug_exceptions.rb:53:in `call'
web-console (3.5.0) lib/web_console/middleware.rb:135:in `call_app'
web-console (3.5.0) lib/web_console/middleware.rb:28:in `block in call'
web-console (3.5.0) lib/web_console/middleware.rb:18:in `catch'
web-console (3.5.0) lib/web_console/middleware.rb:18:in `call'
actionpack (5.0.2) lib/action_dispatch/middleware/show_exceptions.rb:31:in `call'
railties (5.0.2) lib/rails/rack/logger.rb:36:in `call_app'
railties (5.0.2) lib/rails/rack/logger.rb:24:in `block in call'
activesupport (5.0.2) lib/active_support/tagged_logging.rb:69:in `block in tagged'
activesupport (5.0.2) lib/active_support/tagged_logging.rb:26:in `tagged'
activesupport (5.0.2) lib/active_support/tagged_logging.rb:69:in `tagged'
railties (5.0.2) lib/rails/rack/logger.rb:24:in `call'
sprockets-rails (3.2.0) lib/sprockets/rails/quiet_assets.rb:13:in `call'
actionpack (5.0.2) lib/action_dispatch/middleware/request_id.rb:24:in `call'
rack (2.0.1) lib/rack/method_override.rb:22:in `call'
rack (2.0.1) lib/rack/runtime.rb:22:in `call'
activesupport (5.0.2) lib/active_support/cache/strategy/local_cache_middleware.rb:28:in `call'
actionpack (5.0.2) lib/action_dispatch/middleware/executor.rb:12:in `call'
actionpack (5.0.2) lib/action_dispatch/middleware/static.rb:136:in `call'
rack (2.0.1) lib/rack/sendfile.rb:111:in `call'
railties (5.0.2) lib/rails/engine.rb:522:in `call'
puma (3.8.2) lib/puma/configuration.rb:224:in `call'
puma (3.8.2) lib/puma/server.rb:600:in `handle_request'
puma (3.8.2) lib/puma/server.rb:435:in `process_client'
puma (3.8.2) lib/puma/server.rb:299:in `block in run'
puma (3.8.2) lib/puma/thread_pool.rb:120:in `block in spawn_thread'
  Rendering /home/sweta/.rbenv/versions/2.3.1/lib/ruby/gems/2.3.0/gems/actionpack-5.0.2/lib/action_dispatch/middleware/templates/rescues/routing_error.html.erb within rescues/layout
  Rendering /home/sweta/.rbenv/versions/2.3.1/lib/ruby/gems/2.3.0/gems/actionpack-5.0.2/lib/action_dispatch/middleware/templates/rescues/_trace.html.erb
  Rendered /home/sweta/.rbenv/versions/2.3.1/lib/ruby/gems/2.3.0/gems/actionpack-5.0.2/lib/action_dispatch/middleware/templates/rescues/_trace.html.erb (2.2ms)
  Rendered collection of /home/sweta/.rbenv/versions/2.3.1/lib/ruby/gems/2.3.0/gems/actionpack-5.0.2/lib/action_dispatch/middleware/templates/routes/_route.html.erb [3 times] (1.5ms)
  Rendered /home/sweta/.rbenv/versions/2.3.1/lib/ruby/gems/2.3.0/gems/actionpack-5.0.2/lib/action_dispatch/middleware/templates/routes/_table.html.erb (1.3ms)
  Rendering /home/sweta/.rbenv/versions/2.3.1/lib/ruby/gems/2.3.0/gems/actionpack-5.0.2/lib/action_dispatch/middleware/templates/rescues/_request_and_response.html.erb
  Rendered /home/sweta/.rbenv/versions/2.3.1/lib/ruby/gems/2.3.0/gems/actionpack-5.0.2/lib/action_dispatch/middleware/templates/rescues/_request_and_response.html.erb (1.1ms)
  Rendered /home/sweta/.rbenv/versions/2.3.1/lib/ruby/gems/2.3.0/gems/actionpack-5.0.2/lib/action_dispatch/middleware/templates/rescues/routing_error.html.erb within rescues/layout (30.8ms)
Started GET "/" for 127.0.0.1 at 2017-05-02 09:13:47 -0700
Processing by StaticPagesController#root as HTML
  Rendering static_pages/root.html.erb within layouts/application
  Rendered static_pages/root.html.erb within layouts/application (2.2ms)
Completed 200 OK in 549ms (Views: 546.5ms | ActiveRecord: 0.0ms)


Started GET "/" for 127.0.0.1 at 2017-05-02 09:14:52 -0700
Processing by StaticPagesController#root as HTML
  Rendering static_pages/root.html.erb within layouts/application
  Rendered static_pages/root.html.erb within layouts/application (0.5ms)
Completed 200 OK in 167ms (Views: 165.7ms | ActiveRecord: 0.0ms)


Started GET "/" for 127.0.0.1 at 2017-05-02 09:14:54 -0700
Processing by StaticPagesController#root as HTML
  Rendering static_pages/root.html.erb within layouts/application
  Rendered static_pages/root.html.erb within layouts/application (1.1ms)
Completed 200 OK in 37ms (Views: 35.8ms | ActiveRecord: 0.0ms)


Started GET "/favicon-16x16.png" for 127.0.0.1 at 2017-05-02 09:14:56 -0700
  
ActionController::RoutingError (No route matches [GET] "/favicon-16x16.png"):
  
actionpack (5.0.2) lib/action_dispatch/middleware/debug_exceptions.rb:53:in `call'
web-console (3.5.0) lib/web_console/middleware.rb:135:in `call_app'
web-console (3.5.0) lib/web_console/middleware.rb:28:in `block in call'
web-console (3.5.0) lib/web_console/middleware.rb:18:in `catch'
web-console (3.5.0) lib/web_console/middleware.rb:18:in `call'
actionpack (5.0.2) lib/action_dispatch/middleware/show_exceptions.rb:31:in `call'
railties (5.0.2) lib/rails/rack/logger.rb:36:in `call_app'
railties (5.0.2) lib/rails/rack/logger.rb:24:in `block in call'
activesupport (5.0.2) lib/active_support/tagged_logging.rb:69:in `block in tagged'
activesupport (5.0.2) lib/active_support/tagged_logging.rb:26:in `tagged'
activesupport (5.0.2) lib/active_support/tagged_logging.rb:69:in `tagged'
railties (5.0.2) lib/rails/rack/logger.rb:24:in `call'
sprockets-rails (3.2.0) lib/sprockets/rails/quiet_assets.rb:13:in `call'
actionpack (5.0.2) lib/action_dispatch/middleware/request_id.rb:24:in `call'
rack (2.0.1) lib/rack/method_override.rb:22:in `call'
rack (2.0.1) lib/rack/runtime.rb:22:in `call'
activesupport (5.0.2) lib/active_support/cache/strategy/local_cache_middleware.rb:28:in `call'
actionpack (5.0.2) lib/action_dispatch/middleware/executor.rb:12:in `call'
actionpack (5.0.2) lib/action_dispatch/middleware/static.rb:136:in `call'
rack (2.0.1) lib/rack/sendfile.rb:111:in `call'
railties (5.0.2) lib/rails/engine.rb:522:in `call'
puma (3.8.2) lib/puma/configuration.rb:224:in `call'
puma (3.8.2) lib/puma/server.rb:600:in `handle_request'
puma (3.8.2) lib/puma/server.rb:435:in `process_client'
puma (3.8.2) lib/puma/server.rb:299:in `block in run'
puma (3.8.2) lib/puma/thread_pool.rb:120:in `block in spawn_thread'
  Rendering /home/sweta/.rbenv/versions/2.3.1/lib/ruby/gems/2.3.0/gems/actionpack-5.0.2/lib/action_dispatch/middleware/templates/rescues/routing_error.html.erb within rescues/layout
  Rendering /home/sweta/.rbenv/versions/2.3.1/lib/ruby/gems/2.3.0/gems/actionpack-5.0.2/lib/action_dispatch/middleware/templates/rescues/_trace.html.erb
  Rendered /home/sweta/.rbenv/versions/2.3.1/lib/ruby/gems/2.3.0/gems/actionpack-5.0.2/lib/action_dispatch/middleware/templates/rescues/_trace.html.erb (1.9ms)
  Rendered collection of /home/sweta/.rbenv/versions/2.3.1/lib/ruby/gems/2.3.0/gems/actionpack-5.0.2/lib/action_dispatch/middleware/templates/routes/_route.html.erb [3 times] (9.9ms)
  Rendered /home/sweta/.rbenv/versions/2.3.1/lib/ruby/gems/2.3.0/gems/actionpack-5.0.2/lib/action_dispatch/middleware/templates/routes/_table.html.erb (12.0ms)
  Rendering /home/sweta/.rbenv/versions/2.3.1/lib/ruby/gems/2.3.0/gems/actionpack-5.0.2/lib/action_dispatch/middleware/templates/rescues/_request_and_response.html.erb
  Rendered /home/sweta/.rbenv/versions/2.3.1/lib/ruby/gems/2.3.0/gems/actionpack-5.0.2/lib/action_dispatch/middleware/templates/rescues/_request_and_response.html.erb (1.7ms)
  Rendered /home/sweta/.rbenv/versions/2.3.1/lib/ruby/gems/2.3.0/gems/actionpack-5.0.2/lib/action_dispatch/middleware/templates/rescues/routing_error.html.erb within rescues/layout (61.6ms)
Started GET "/favicon-96x96.png" for 127.0.0.1 at 2017-05-02 09:14:56 -0700
  
ActionController::RoutingError (No route matches [GET] "/favicon-96x96.png"):
  
actionpack (5.0.2) lib/action_dispatch/middleware/debug_exceptions.rb:53:in `call'
web-console (3.5.0) lib/web_console/middleware.rb:135:in `call_app'
web-console (3.5.0) lib/web_console/middleware.rb:28:in `block in call'
web-console (3.5.0) lib/web_console/middleware.rb:18:in `catch'
web-console (3.5.0) lib/web_console/middleware.rb:18:in `call'
actionpack (5.0.2) lib/action_dispatch/middleware/show_exceptions.rb:31:in `call'
railties (5.0.2) lib/rails/rack/logger.rb:36:in `call_app'
railties (5.0.2) lib/rails/rack/logger.rb:24:in `block in call'
activesupport (5.0.2) lib/active_support/tagged_logging.rb:69:in `block in tagged'
activesupport (5.0.2) lib/active_support/tagged_logging.rb:26:in `tagged'
activesupport (5.0.2) lib/active_support/tagged_logging.rb:69:in `tagged'
railties (5.0.2) lib/rails/rack/logger.rb:24:in `call'
sprockets-rails (3.2.0) lib/sprockets/rails/quiet_assets.rb:13:in `call'
actionpack (5.0.2) lib/action_dispatch/middleware/request_id.rb:24:in `call'
rack (2.0.1) lib/rack/method_override.rb:22:in `call'
rack (2.0.1) lib/rack/runtime.rb:22:in `call'
activesupport (5.0.2) lib/active_support/cache/strategy/local_cache_middleware.rb:28:in `call'
actionpack (5.0.2) lib/action_dispatch/middleware/executor.rb:12:in `call'
actionpack (5.0.2) lib/action_dispatch/middleware/static.rb:136:in `call'
rack (2.0.1) lib/rack/sendfile.rb:111:in `call'
railties (5.0.2) lib/rails/engine.rb:522:in `call'
puma (3.8.2) lib/puma/configuration.rb:224:in `call'
puma (3.8.2) lib/puma/server.rb:600:in `handle_request'
puma (3.8.2) lib/puma/server.rb:435:in `process_client'
puma (3.8.2) lib/puma/server.rb:299:in `block in run'
puma (3.8.2) lib/puma/thread_pool.rb:120:in `block in spawn_thread'
  Rendering /home/sweta/.rbenv/versions/2.3.1/lib/ruby/gems/2.3.0/gems/actionpack-5.0.2/lib/action_dispatch/middleware/templates/rescues/routing_error.html.erb within rescues/layout
  Rendering /home/sweta/.rbenv/versions/2.3.1/lib/ruby/gems/2.3.0/gems/actionpack-5.0.2/lib/action_dispatch/middleware/templates/rescues/_trace.html.erb
  Rendered /home/sweta/.rbenv/versions/2.3.1/lib/ruby/gems/2.3.0/gems/actionpack-5.0.2/lib/action_dispatch/middleware/templates/rescues/_trace.html.erb (1.8ms)
  Rendered collection of /home/sweta/.rbenv/versions/2.3.1/lib/ruby/gems/2.3.0/gems/actionpack-5.0.2/lib/action_dispatch/middleware/templates/routes/_route.html.erb [3 times] (2.4ms)
  Rendered /home/sweta/.rbenv/versions/2.3.1/lib/ruby/gems/2.3.0/gems/actionpack-5.0.2/lib/action_dispatch/middleware/templates/routes/_table.html.erb (1.7ms)
  Rendering /home/sweta/.rbenv/versions/2.3.1/lib/ruby/gems/2.3.0/gems/actionpack-5.0.2/lib/action_dispatch/middleware/templates/rescues/_request_and_response.html.erb
  Rendered /home/sweta/.rbenv/versions/2.3.1/lib/ruby/gems/2.3.0/gems/actionpack-5.0.2/lib/action_dispatch/middleware/templates/rescues/_request_and_response.html.erb (2.0ms)
  Rendered /home/sweta/.rbenv/versions/2.3.1/lib/ruby/gems/2.3.0/gems/actionpack-5.0.2/lib/action_dispatch/middleware/templates/rescues/routing_error.html.erb within rescues/layout (37.2ms)
Started GET "/favicon-32x32.png" for 127.0.0.1 at 2017-05-02 09:14:56 -0700
  
ActionController::RoutingError (No route matches [GET] "/favicon-32x32.png"):
  
actionpack (5.0.2) lib/action_dispatch/middleware/debug_exceptions.rb:53:in `call'
web-console (3.5.0) lib/web_console/middleware.rb:135:in `call_app'
web-console (3.5.0) lib/web_console/middleware.rb:28:in `block in call'
web-console (3.5.0) lib/web_console/middleware.rb:18:in `catch'
web-console (3.5.0) lib/web_console/middleware.rb:18:in `call'
actionpack (5.0.2) lib/action_dispatch/middleware/show_exceptions.rb:31:in `call'
railties (5.0.2) lib/rails/rack/logger.rb:36:in `call_app'
railties (5.0.2) lib/rails/rack/logger.rb:24:in `block in call'
activesupport (5.0.2) lib/active_support/tagged_logging.rb:69:in `block in tagged'
activesupport (5.0.2) lib/active_support/tagged_logging.rb:26:in `tagged'
activesupport (5.0.2) lib/active_support/tagged_logging.rb:69:in `tagged'
railties (5.0.2) lib/rails/rack/logger.rb:24:in `call'
sprockets-rails (3.2.0) lib/sprockets/rails/quiet_assets.rb:13:in `call'
actionpack (5.0.2) lib/action_dispatch/middleware/request_id.rb:24:in `call'
rack (2.0.1) lib/rack/method_override.rb:22:in `call'
rack (2.0.1) lib/rack/runtime.rb:22:in `call'
activesupport (5.0.2) lib/active_support/cache/strategy/local_cache_middleware.rb:28:in `call'
actionpack (5.0.2) lib/action_dispatch/middleware/executor.rb:12:in `call'
actionpack (5.0.2) lib/action_dispatch/middleware/static.rb:136:in `call'
rack (2.0.1) lib/rack/sendfile.rb:111:in `call'
railties (5.0.2) lib/rails/engine.rb:522:in `call'
puma (3.8.2) lib/puma/configuration.rb:224:in `call'
puma (3.8.2) lib/puma/server.rb:600:in `handle_request'
puma (3.8.2) lib/puma/server.rb:435:in `process_client'
puma (3.8.2) lib/puma/server.rb:299:in `block in run'
puma (3.8.2) lib/puma/thread_pool.rb:120:in `block in spawn_thread'
  Rendering /home/sweta/.rbenv/versions/2.3.1/lib/ruby/gems/2.3.0/gems/actionpack-5.0.2/lib/action_dispatch/middleware/templates/rescues/routing_error.html.erb within rescues/layout
  Rendering /home/sweta/.rbenv/versions/2.3.1/lib/ruby/gems/2.3.0/gems/actionpack-5.0.2/lib/action_dispatch/middleware/templates/rescues/_trace.html.erb
  Rendered /home/sweta/.rbenv/versions/2.3.1/lib/ruby/gems/2.3.0/gems/actionpack-5.0.2/lib/action_dispatch/middleware/templates/rescues/_trace.html.erb (2.3ms)
  Rendered collection of /home/sweta/.rbenv/versions/2.3.1/lib/ruby/gems/2.3.0/gems/actionpack-5.0.2/lib/action_dispatch/middleware/templates/routes/_route.html.erb [3 times] (8.0ms)
  Rendered /home/sweta/.rbenv/versions/2.3.1/lib/ruby/gems/2.3.0/gems/actionpack-5.0.2/lib/action_dispatch/middleware/templates/routes/_table.html.erb (1.9ms)
  Rendering /home/sweta/.rbenv/versions/2.3.1/lib/ruby/gems/2.3.0/gems/actionpack-5.0.2/lib/action_dispatch/middleware/templates/rescues/_request_and_response.html.erb
  Rendered /home/sweta/.rbenv/versions/2.3.1/lib/ruby/gems/2.3.0/gems/actionpack-5.0.2/lib/action_dispatch/middleware/templates/rescues/_request_and_response.html.erb (1.2ms)
  Rendered /home/sweta/.rbenv/versions/2.3.1/lib/ruby/gems/2.3.0/gems/actionpack-5.0.2/lib/action_dispatch/middleware/templates/rescues/routing_error.html.erb within rescues/layout (35.6ms)
Started GET "/android-icon-192x192.png" for 127.0.0.1 at 2017-05-02 09:14:56 -0700
  
ActionController::RoutingError (No route matches [GET] "/android-icon-192x192.png"):
  
actionpack (5.0.2) lib/action_dispatch/middleware/debug_exceptions.rb:53:in `call'
web-console (3.5.0) lib/web_console/middleware.rb:135:in `call_app'
web-console (3.5.0) lib/web_console/middleware.rb:28:in `block in call'
web-console (3.5.0) lib/web_console/middleware.rb:18:in `catch'
web-console (3.5.0) lib/web_console/middleware.rb:18:in `call'
actionpack (5.0.2) lib/action_dispatch/middleware/show_exceptions.rb:31:in `call'
railties (5.0.2) lib/rails/rack/logger.rb:36:in `call_app'
railties (5.0.2) lib/rails/rack/logger.rb:24:in `block in call'
activesupport (5.0.2) lib/active_support/tagged_logging.rb:69:in `block in tagged'
activesupport (5.0.2) lib/active_support/tagged_logging.rb:26:in `tagged'
activesupport (5.0.2) lib/active_support/tagged_logging.rb:69:in `tagged'
railties (5.0.2) lib/rails/rack/logger.rb:24:in `call'
sprockets-rails (3.2.0) lib/sprockets/rails/quiet_assets.rb:13:in `call'
actionpack (5.0.2) lib/action_dispatch/middleware/request_id.rb:24:in `call'
rack (2.0.1) lib/rack/method_override.rb:22:in `call'
rack (2.0.1) lib/rack/runtime.rb:22:in `call'
activesupport (5.0.2) lib/active_support/cache/strategy/local_cache_middleware.rb:28:in `call'
actionpack (5.0.2) lib/action_dispatch/middleware/executor.rb:12:in `call'
actionpack (5.0.2) lib/action_dispatch/middleware/static.rb:136:in `call'
rack (2.0.1) lib/rack/sendfile.rb:111:in `call'
railties (5.0.2) lib/rails/engine.rb:522:in `call'
puma (3.8.2) lib/puma/configuration.rb:224:in `call'
puma (3.8.2) lib/puma/server.rb:600:in `handle_request'
puma (3.8.2) lib/puma/server.rb:435:in `process_client'
puma (3.8.2) lib/puma/server.rb:299:in `block in run'
puma (3.8.2) lib/puma/thread_pool.rb:120:in `block in spawn_thread'
  Rendering /home/sweta/.rbenv/versions/2.3.1/lib/ruby/gems/2.3.0/gems/actionpack-5.0.2/lib/action_dispatch/middleware/templates/rescues/routing_error.html.erb within rescues/layout
  Rendering /home/sweta/.rbenv/versions/2.3.1/lib/ruby/gems/2.3.0/gems/actionpack-5.0.2/lib/action_dispatch/middleware/templates/rescues/_trace.html.erb
  Rendered /home/sweta/.rbenv/versions/2.3.1/lib/ruby/gems/2.3.0/gems/actionpack-5.0.2/lib/action_dispatch/middleware/templates/rescues/_trace.html.erb (2.4ms)
  Rendered collection of /home/sweta/.rbenv/versions/2.3.1/lib/ruby/gems/2.3.0/gems/actionpack-5.0.2/lib/action_dispatch/middleware/templates/routes/_route.html.erb [3 times] (2.2ms)
  Rendered /home/sweta/.rbenv/versions/2.3.1/lib/ruby/gems/2.3.0/gems/actionpack-5.0.2/lib/action_dispatch/middleware/templates/routes/_table.html.erb (1.7ms)
  Rendering /home/sweta/.rbenv/versions/2.3.1/lib/ruby/gems/2.3.0/gems/actionpack-5.0.2/lib/action_dispatch/middleware/templates/rescues/_request_and_response.html.erb
  Rendered /home/sweta/.rbenv/versions/2.3.1/lib/ruby/gems/2.3.0/gems/actionpack-5.0.2/lib/action_dispatch/middleware/templates/rescues/_request_and_response.html.erb (2.4ms)
  Rendered /home/sweta/.rbenv/versions/2.3.1/lib/ruby/gems/2.3.0/gems/actionpack-5.0.2/lib/action_dispatch/middleware/templates/rescues/routing_error.html.erb within rescues/layout (30.1ms)
Started GET "/" for 127.0.0.1 at 2017-05-02 09:15:12 -0700
Processing by StaticPagesController#root as HTML
  Rendering static_pages/root.html.erb within layouts/application
  Rendered static_pages/root.html.erb within layouts/application (0.4ms)
Completed 200 OK in 37ms (Views: 35.2ms | ActiveRecord: 0.0ms)


Started GET "/" for 127.0.0.1 at 2017-05-02 09:19:41 -0700
Processing by StaticPagesController#root as HTML
  Rendering static_pages/root.html.erb within layouts/application
  Rendered static_pages/root.html.erb within layouts/application (0.5ms)
Completed 200 OK in 1218ms (Views: 1217.0ms | ActiveRecord: 0.0ms)


Started GET "/" for 127.0.0.1 at 2017-05-02 09:20:01 -0700
Processing by StaticPagesController#root as HTML
  Rendering static_pages/root.html.erb within layouts/application
  Rendered static_pages/root.html.erb within layouts/application (0.5ms)
Completed 200 OK in 25ms (Views: 24.2ms | ActiveRecord: 0.0ms)


Started GET "/api/places?radius=402.335&lat=37.77180027337861&lon=-122.44348526000977&type=transit_station" for 127.0.0.1 at 2017-05-02 09:20:07 -0700
Processing by Api::PlacesController#index as JSON
  Parameters: {"radius"=>"402.335", "lat"=>"37.77180027337861", "lon"=>"-122.44348526000977", "type"=>"transit_station"}
Started GET "/api/yelp?latitude=37.77180027337861&longitude=-122.44348526000977&radius=402.335&term=restaurants" for 127.0.0.1 at 2017-05-02 09:20:07 -0700
  Rendering api/places/index.json.jbuilder
  Rendered api/places/index.json.jbuilder (11.8ms)
Completed 200 OK in 2574ms (Views: 14.2ms | ActiveRecord: 0.0ms)


Processing by Api::YelpController#index as JSON
  Parameters: {"latitude"=>"37.77180027337861", "longitude"=>"-122.44348526000977", "radius"=>"402.335", "term"=>"restaurants"}
Completed 500 Internal Server Error in 236ms (ActiveRecord: 0.0ms)



TypeError - no implicit conversion of nil into Array:
  app/controllers/api/yelp_controller.rb:43:in `block in get_locations'
  app/controllers/api/yelp_controller.rb:41:in `get_locations'
  app/controllers/api/yelp_controller.rb:7:in `index'
  actionpack (5.0.2) lib/action_controller/metal/basic_implicit_render.rb:4:in `send_action'
  actionpack (5.0.2) lib/abstract_controller/base.rb:188:in `process_action'
  actionpack (5.0.2) lib/action_controller/metal/rendering.rb:30:in `process_action'
  actionpack (5.0.2) lib/abstract_controller/callbacks.rb:20:in `block in process_action'
  activesupport (5.0.2) lib/active_support/callbacks.rb:126:in `call'
  activesupport (5.0.2) lib/active_support/callbacks.rb:506:in `block (2 levels) in compile'
  activesupport (5.0.2) lib/active_support/callbacks.rb:455:in `call'
  activesupport (5.0.2) lib/active_support/callbacks.rb:101:in `__run_callbacks__'
  activesupport (5.0.2) lib/active_support/callbacks.rb:750:in `_run_process_action_callbacks'
  activesupport (5.0.2) lib/active_support/callbacks.rb:90:in `run_callbacks'
  actionpack (5.0.2) lib/abstract_controller/callbacks.rb:19:in `process_action'
  actionpack (5.0.2) lib/action_controller/metal/rescue.rb:20:in `process_action'
  actionpack (5.0.2) lib/action_controller/metal/instrumentation.rb:32:in `block in process_action'
  activesupport (5.0.2) lib/active_support/notifications.rb:164:in `block in instrument'
  activesupport (5.0.2) lib/active_support/notifications/instrumenter.rb:21:in `instrument'
  activesupport (5.0.2) lib/active_support/notifications.rb:164:in `instrument'
  actionpack (5.0.2) lib/action_controller/metal/instrumentation.rb:30:in `process_action'
  actionpack (5.0.2) lib/action_controller/metal/params_wrapper.rb:248:in `process_action'
  activerecord (5.0.2) lib/active_record/railties/controller_runtime.rb:18:in `process_action'
  actionpack (5.0.2) lib/abstract_controller/base.rb:126:in `process'
  actionview (5.0.2) lib/action_view/rendering.rb:30:in `process'
  actionpack (5.0.2) lib/action_controller/metal.rb:190:in `dispatch'
  actionpack (5.0.2) lib/action_controller/metal.rb:262:in `dispatch'
  actionpack (5.0.2) lib/action_dispatch/routing/route_set.rb:50:in `dispatch'
  actionpack (5.0.2) lib/action_dispatch/routing/route_set.rb:32:in `serve'
  actionpack (5.0.2) lib/action_dispatch/journey/router.rb:39:in `block in serve'
  actionpack (5.0.2) lib/action_dispatch/journey/router.rb:26:in `serve'
  actionpack (5.0.2) lib/action_dispatch/routing/route_set.rb:725:in `call'
  rack (2.0.1) lib/rack/etag.rb:25:in `call'
  rack (2.0.1) lib/rack/conditional_get.rb:25:in `call'
  rack (2.0.1) lib/rack/head.rb:12:in `call'
  rack (2.0.1) lib/rack/session/abstract/id.rb:222:in `context'
  rack (2.0.1) lib/rack/session/abstract/id.rb:216:in `call'
  actionpack (5.0.2) lib/action_dispatch/middleware/cookies.rb:613:in `call'
  activerecord (5.0.2) lib/active_record/migration.rb:553:in `call'
  actionpack (5.0.2) lib/action_dispatch/middleware/callbacks.rb:38:in `block in call'
  activesupport (5.0.2) lib/active_support/callbacks.rb:97:in `__run_callbacks__'
  activesupport (5.0.2) lib/active_support/callbacks.rb:750:in `_run_call_callbacks'
  activesupport (5.0.2) lib/active_support/callbacks.rb:90:in `run_callbacks'
  actionpack (5.0.2) lib/action_dispatch/middleware/callbacks.rb:36:in `call'
  actionpack (5.0.2) lib/action_dispatch/middleware/executor.rb:12:in `call'
  actionpack (5.0.2) lib/action_dispatch/middleware/remote_ip.rb:79:in `call'
  better_errors (2.1.1) lib/better_errors/middleware.rb:84:in `protected_app_call'
  better_errors (2.1.1) lib/better_errors/middleware.rb:79:in `better_errors_call'
  better_errors (2.1.1) lib/better_errors/middleware.rb:57:in `call'
  actionpack (5.0.2) lib/action_dispatch/middleware/debug_exceptions.rb:49:in `call'
  web-console (3.5.0) lib/web_console/middleware.rb:135:in `call_app'
  web-console (3.5.0) lib/web_console/middleware.rb:28:in `block in call'
  web-console (3.5.0) lib/web_console/middleware.rb:18:in `call'
  actionpack (5.0.2) lib/action_dispatch/middleware/show_exceptions.rb:31:in `call'
  railties (5.0.2) lib/rails/rack/logger.rb:36:in `call_app'
  railties (5.0.2) lib/rails/rack/logger.rb:24:in `block in call'
  activesupport (5.0.2) lib/active_support/tagged_logging.rb:69:in `block in tagged'
  activesupport (5.0.2) lib/active_support/tagged_logging.rb:26:in `tagged'
  activesupport (5.0.2) lib/active_support/tagged_logging.rb:69:in `tagged'
  railties (5.0.2) lib/rails/rack/logger.rb:24:in `call'
  sprockets-rails (3.2.0) lib/sprockets/rails/quiet_assets.rb:13:in `call'
  actionpack (5.0.2) lib/action_dispatch/middleware/request_id.rb:24:in `call'
  rack (2.0.1) lib/rack/method_override.rb:22:in `call'
  rack (2.0.1) lib/rack/runtime.rb:22:in `call'
  activesupport (5.0.2) lib/active_support/cache/strategy/local_cache_middleware.rb:28:in `call'
  actionpack (5.0.2) lib/action_dispatch/middleware/executor.rb:12:in `call'
  actionpack (5.0.2) lib/action_dispatch/middleware/static.rb:136:in `call'
  rack (2.0.1) lib/rack/sendfile.rb:111:in `call'
  railties (5.0.2) lib/rails/engine.rb:522:in `call'
  puma (3.8.2) lib/puma/configuration.rb:224:in `call'
  puma (3.8.2) lib/puma/server.rb:600:in `handle_request'
  puma (3.8.2) lib/puma/server.rb:435:in `process_client'
  puma (3.8.2) lib/puma/server.rb:299:in `block in run'
  puma (3.8.2) lib/puma/thread_pool.rb:120:in `block in spawn_thread'

Started GET "/" for 127.0.0.1 at 2017-05-02 09:20:16 -0700
Processing by StaticPagesController#root as HTML
  Rendering static_pages/root.html.erb within layouts/application
  Rendered static_pages/root.html.erb within layouts/application (1.0ms)
Completed 200 OK in 36ms (Views: 34.0ms | ActiveRecord: 0.0ms)


Started GET "/" for 127.0.0.1 at 2017-05-02 09:21:27 -0700
Processing by StaticPagesController#root as HTML
  Rendering static_pages/root.html.erb within layouts/application
  Rendered static_pages/root.html.erb within layouts/application (0.4ms)
Completed 200 OK in 29ms (Views: 28.1ms | ActiveRecord: 0.0ms)


Started GET "/api/places?radius=402.335&lat=37.76976488240093&lon=-122.45052337646486&type=transit_station" for 127.0.0.1 at 2017-05-02 09:21:32 -0700
Processing by Api::PlacesController#index as JSON
  Parameters: {"radius"=>"402.335", "lat"=>"37.76976488240093", "lon"=>"-122.45052337646486", "type"=>"transit_station"}
Started GET "/api/yelp?latitude=37.76976488240093&longitude=-122.45052337646486&radius=402.335&term=restaurants" for 127.0.0.1 at 2017-05-02 09:21:32 -0700
Processing by Api::YelpController#index as JSON
  Parameters: {"latitude"=>"37.76976488240093", "longitude"=>"-122.45052337646486", "radius"=>"402.335", "term"=>"restaurants"}
Completed 500 Internal Server Error in 234ms (ActiveRecord: 0.0ms)



TypeError - no implicit conversion of nil into Array:
  app/controllers/api/yelp_controller.rb:43:in `block in get_locations'
  app/controllers/api/yelp_controller.rb:41:in `get_locations'
  app/controllers/api/yelp_controller.rb:7:in `index'
  actionpack (5.0.2) lib/action_controller/metal/basic_implicit_render.rb:4:in `send_action'
  actionpack (5.0.2) lib/abstract_controller/base.rb:188:in `process_action'
  actionpack (5.0.2) lib/action_controller/metal/rendering.rb:30:in `process_action'
  actionpack (5.0.2) lib/abstract_controller/callbacks.rb:20:in `block in process_action'
  activesupport (5.0.2) lib/active_support/callbacks.rb:126:in `call'
  activesupport (5.0.2) lib/active_support/callbacks.rb:506:in `block (2 levels) in compile'
  activesupport (5.0.2) lib/active_support/callbacks.rb:455:in `call'
  activesupport (5.0.2) lib/active_support/callbacks.rb:101:in `__run_callbacks__'
  activesupport (5.0.2) lib/active_support/callbacks.rb:750:in `_run_process_action_callbacks'
  activesupport (5.0.2) lib/active_support/callbacks.rb:90:in `run_callbacks'
  actionpack (5.0.2) lib/abstract_controller/callbacks.rb:19:in `process_action'
  actionpack (5.0.2) lib/action_controller/metal/rescue.rb:20:in `process_action'
  actionpack (5.0.2) lib/action_controller/metal/instrumentation.rb:32:in `block in process_action'
  activesupport (5.0.2) lib/active_support/notifications.rb:164:in `block in instrument'
  activesupport (5.0.2) lib/active_support/notifications/instrumenter.rb:21:in `instrument'
  activesupport (5.0.2) lib/active_support/notifications.rb:164:in `instrument'
  actionpack (5.0.2) lib/action_controller/metal/instrumentation.rb:30:in `process_action'
  actionpack (5.0.2) lib/action_controller/metal/params_wrapper.rb:248:in `process_action'
  activerecord (5.0.2) lib/active_record/railties/controller_runtime.rb:18:in `process_action'
  actionpack (5.0.2) lib/abstract_controller/base.rb:126:in `process'
  actionview (5.0.2) lib/action_view/rendering.rb:30:in `process'
  actionpack (5.0.2) lib/action_controller/metal.rb:190:in `dispatch'
  actionpack (5.0.2) lib/action_controller/metal.rb:262:in `dispatch'
  actionpack (5.0.2) lib/action_dispatch/routing/route_set.rb:50:in `dispatch'
  actionpack (5.0.2) lib/action_dispatch/routing/route_set.rb:32:in `serve'
  actionpack (5.0.2) lib/action_dispatch/journey/router.rb:39:in `block in serve'
  actionpack (5.0.2) lib/action_dispatch/journey/router.rb:26:in `serve'
  actionpack (5.0.2) lib/action_dispatch/routing/route_set.rb:725:in `call'
  rack (2.0.1) lib/rack/etag.rb:25:in `call'
  rack (2.0.1) lib/rack/conditional_get.rb:25:in `call'
  rack (2.0.1) lib/rack/head.rb:12:in `call'
  rack (2.0.1) lib/rack/session/abstract/id.rb:222:in `context'
  rack (2.0.1) lib/rack/session/abstract/id.rb:216:in `call'
  actionpack (5.0.2) lib/action_dispatch/middleware/cookies.rb:613:in `call'
  activerecord (5.0.2) lib/active_record/migration.rb:553:in `call'
  actionpack (5.0.2) lib/action_dispatch/middleware/callbacks.rb:38:in `block in call'
  activesupport (5.0.2) lib/active_support/callbacks.rb:97:in `__run_callbacks__'
  activesupport (5.0.2) lib/active_support/callbacks.rb:750:in `_run_call_callbacks'
  activesupport (5.0.2) lib/active_support/callbacks.rb:90:in `run_callbacks'
  actionpack (5.0.2) lib/action_dispatch/middleware/callbacks.rb:36:in `call'
  actionpack (5.0.2) lib/action_dispatch/middleware/executor.rb:12:in `call'
  actionpack (5.0.2) lib/action_dispatch/middleware/remote_ip.rb:79:in `call'
  better_errors (2.1.1) lib/better_errors/middleware.rb:84:in `protected_app_call'
  better_errors (2.1.1) lib/better_errors/middleware.rb:79:in `better_errors_call'
  better_errors (2.1.1) lib/better_errors/middleware.rb:57:in `call'
  actionpack (5.0.2) lib/action_dispatch/middleware/debug_exceptions.rb:49:in `call'
  web-console (3.5.0) lib/web_console/middleware.rb:135:in `call_app'
  web-console (3.5.0) lib/web_console/middleware.rb:28:in `block in call'
  web-console (3.5.0) lib/web_console/middleware.rb:18:in `call'
  actionpack (5.0.2) lib/action_dispatch/middleware/show_exceptions.rb:31:in `call'
  railties (5.0.2) lib/rails/rack/logger.rb:36:in `call_app'
  railties (5.0.2) lib/rails/rack/logger.rb:24:in `block in call'
  activesupport (5.0.2) lib/active_support/tagged_logging.rb:69:in `block in tagged'
  activesupport (5.0.2) lib/active_support/tagged_logging.rb:26:in `tagged'
  activesupport (5.0.2) lib/active_support/tagged_logging.rb:69:in `tagged'
  railties (5.0.2) lib/rails/rack/logger.rb:24:in `call'
  sprockets-rails (3.2.0) lib/sprockets/rails/quiet_assets.rb:13:in `call'
  actionpack (5.0.2) lib/action_dispatch/middleware/request_id.rb:24:in `call'
  rack (2.0.1) lib/rack/method_override.rb:22:in `call'
  rack (2.0.1) lib/rack/runtime.rb:22:in `call'
  activesupport (5.0.2) lib/active_support/cache/strategy/local_cache_middleware.rb:28:in `call'
  actionpack (5.0.2) lib/action_dispatch/middleware/executor.rb:12:in `call'
  actionpack (5.0.2) lib/action_dispatch/middleware/static.rb:136:in `call'
  rack (2.0.1) lib/rack/sendfile.rb:111:in `call'
  railties (5.0.2) lib/rails/engine.rb:522:in `call'
  puma (3.8.2) lib/puma/configuration.rb:224:in `call'
  puma (3.8.2) lib/puma/server.rb:600:in `handle_request'
  puma (3.8.2) lib/puma/server.rb:435:in `process_client'
  puma (3.8.2) lib/puma/server.rb:299:in `block in run'
  puma (3.8.2) lib/puma/thread_pool.rb:120:in `block in spawn_thread'

  Rendering api/places/index.json.jbuilder
  Rendered api/places/index.json.jbuilder (2.1ms)
Completed 200 OK in 305ms (Views: 5.2ms | ActiveRecord: 0.0ms)


Started GET "/" for 127.0.0.1 at 2017-05-02 09:22:07 -0700
Processing by StaticPagesController#root as HTML
  Rendering static_pages/root.html.erb within layouts/application
  Rendered static_pages/root.html.erb within layouts/application (0.3ms)
Completed 200 OK in 27ms (Views: 25.7ms | ActiveRecord: 0.0ms)


Started GET "/" for 127.0.0.1 at 2017-05-02 09:22:17 -0700
Processing by StaticPagesController#root as HTML
  Rendering static_pages/root.html.erb within layouts/application
  Rendered static_pages/root.html.erb within layouts/application (0.4ms)
Completed 200 OK in 1333ms (Views: 1331.6ms | ActiveRecord: 0.0ms)


Started GET "/" for 127.0.0.1 at 2017-05-02 09:22:24 -0700
Processing by StaticPagesController#root as HTML
  Rendering static_pages/root.html.erb within layouts/application
  Rendered static_pages/root.html.erb within layouts/application (0.5ms)
Completed 200 OK in 21ms (Views: 20.2ms | ActiveRecord: 0.0ms)


Started GET "/api/places?radius=402.335&lat=37.76487971546801&lon=-122.43524551391603&type=transit_station" for 127.0.0.1 at 2017-05-02 09:22:32 -0700
Processing by Api::PlacesController#index as JSON
  Parameters: {"radius"=>"402.335", "lat"=>"37.76487971546801", "lon"=>"-122.43524551391603", "type"=>"transit_station"}
Started GET "/api/yelp?latitude=37.76487971546801&longitude=-122.43524551391603&radius=402.335&term=restaurants" for 127.0.0.1 at 2017-05-02 09:22:32 -0700
Processing by Api::YelpController#index as JSON
  Parameters: {"latitude"=>"37.76487971546801", "longitude"=>"-122.43524551391603", "radius"=>"402.335", "term"=>"restaurants"}
Completed 500 Internal Server Error in 247ms (ActiveRecord: 0.0ms)



TypeError - no implicit conversion of nil into Array:
  app/controllers/api/yelp_controller.rb:43:in `block in get_locations'
  app/controllers/api/yelp_controller.rb:41:in `get_locations'
  app/controllers/api/yelp_controller.rb:7:in `index'
  actionpack (5.0.2) lib/action_controller/metal/basic_implicit_render.rb:4:in `send_action'
  actionpack (5.0.2) lib/abstract_controller/base.rb:188:in `process_action'
  actionpack (5.0.2) lib/action_controller/metal/rendering.rb:30:in `process_action'
  actionpack (5.0.2) lib/abstract_controller/callbacks.rb:20:in `block in process_action'
  activesupport (5.0.2) lib/active_support/callbacks.rb:126:in `call'
  activesupport (5.0.2) lib/active_support/callbacks.rb:506:in `block (2 levels) in compile'
  activesupport (5.0.2) lib/active_support/callbacks.rb:455:in `call'
  activesupport (5.0.2) lib/active_support/callbacks.rb:101:in `__run_callbacks__'
  activesupport (5.0.2) lib/active_support/callbacks.rb:750:in `_run_process_action_callbacks'
  activesupport (5.0.2) lib/active_support/callbacks.rb:90:in `run_callbacks'
  actionpack (5.0.2) lib/abstract_controller/callbacks.rb:19:in `process_action'
  actionpack (5.0.2) lib/action_controller/metal/rescue.rb:20:in `process_action'
  actionpack (5.0.2) lib/action_controller/metal/instrumentation.rb:32:in `block in process_action'
  activesupport (5.0.2) lib/active_support/notifications.rb:164:in `block in instrument'
  activesupport (5.0.2) lib/active_support/notifications/instrumenter.rb:21:in `instrument'
  activesupport (5.0.2) lib/active_support/notifications.rb:164:in `instrument'
  actionpack (5.0.2) lib/action_controller/metal/instrumentation.rb:30:in `process_action'
  actionpack (5.0.2) lib/action_controller/metal/params_wrapper.rb:248:in `process_action'
  activerecord (5.0.2) lib/active_record/railties/controller_runtime.rb:18:in `process_action'
  actionpack (5.0.2) lib/abstract_controller/base.rb:126:in `process'
  actionview (5.0.2) lib/action_view/rendering.rb:30:in `process'
  actionpack (5.0.2) lib/action_controller/metal.rb:190:in `dispatch'
  actionpack (5.0.2) lib/action_controller/metal.rb:262:in `dispatch'
  actionpack (5.0.2) lib/action_dispatch/routing/route_set.rb:50:in `dispatch'
  actionpack (5.0.2) lib/action_dispatch/routing/route_set.rb:32:in `serve'
  actionpack (5.0.2) lib/action_dispatch/journey/router.rb:39:in `block in serve'
  actionpack (5.0.2) lib/action_dispatch/journey/router.rb:26:in `serve'
  actionpack (5.0.2) lib/action_dispatch/routing/route_set.rb:725:in `call'
  rack (2.0.1) lib/rack/etag.rb:25:in `call'
  rack (2.0.1) lib/rack/conditional_get.rb:25:in `call'
  rack (2.0.1) lib/rack/head.rb:12:in `call'
  rack (2.0.1) lib/rack/session/abstract/id.rb:222:in `context'
  rack (2.0.1) lib/rack/session/abstract/id.rb:216:in `call'
  actionpack (5.0.2) lib/action_dispatch/middleware/cookies.rb:613:in `call'
  activerecord (5.0.2) lib/active_record/migration.rb:553:in `call'
  actionpack (5.0.2) lib/action_dispatch/middleware/callbacks.rb:38:in `block in call'
  activesupport (5.0.2) lib/active_support/callbacks.rb:97:in `__run_callbacks__'
  activesupport (5.0.2) lib/active_support/callbacks.rb:750:in `_run_call_callbacks'
  activesupport (5.0.2) lib/active_support/callbacks.rb:90:in `run_callbacks'
  actionpack (5.0.2) lib/action_dispatch/middleware/callbacks.rb:36:in `call'
  actionpack (5.0.2) lib/action_dispatch/middleware/executor.rb:12:in `call'
  actionpack (5.0.2) lib/action_dispatch/middleware/remote_ip.rb:79:in `call'
  better_errors (2.1.1) lib/better_errors/middleware.rb:84:in `protected_app_call'
  better_errors (2.1.1) lib/better_errors/middleware.rb:79:in `better_errors_call'
  better_errors (2.1.1) lib/better_errors/middleware.rb:57:in `call'
  actionpack (5.0.2) lib/action_dispatch/middleware/debug_exceptions.rb:49:in `call'
  web-console (3.5.0) lib/web_console/middleware.rb:135:in `call_app'
  web-console (3.5.0) lib/web_console/middleware.rb:28:in `block in call'
  web-console (3.5.0) lib/web_console/middleware.rb:18:in `call'
  actionpack (5.0.2) lib/action_dispatch/middleware/show_exceptions.rb:31:in `call'
  railties (5.0.2) lib/rails/rack/logger.rb:36:in `call_app'
  railties (5.0.2) lib/rails/rack/logger.rb:24:in `block in call'
  activesupport (5.0.2) lib/active_support/tagged_logging.rb:69:in `block in tagged'
  activesupport (5.0.2) lib/active_support/tagged_logging.rb:26:in `tagged'
  activesupport (5.0.2) lib/active_support/tagged_logging.rb:69:in `tagged'
  railties (5.0.2) lib/rails/rack/logger.rb:24:in `call'
  sprockets-rails (3.2.0) lib/sprockets/rails/quiet_assets.rb:13:in `call'
  actionpack (5.0.2) lib/action_dispatch/middleware/request_id.rb:24:in `call'
  rack (2.0.1) lib/rack/method_override.rb:22:in `call'
  rack (2.0.1) lib/rack/runtime.rb:22:in `call'
  activesupport (5.0.2) lib/active_support/cache/strategy/local_cache_middleware.rb:28:in `call'
  actionpack (5.0.2) lib/action_dispatch/middleware/executor.rb:12:in `call'
  actionpack (5.0.2) lib/action_dispatch/middleware/static.rb:136:in `call'
  rack (2.0.1) lib/rack/sendfile.rb:111:in `call'
  railties (5.0.2) lib/rails/engine.rb:522:in `call'
  puma (3.8.2) lib/puma/configuration.rb:224:in `call'
  puma (3.8.2) lib/puma/server.rb:600:in `handle_request'
  puma (3.8.2) lib/puma/server.rb:435:in `process_client'
  puma (3.8.2) lib/puma/server.rb:299:in `block in run'
  puma (3.8.2) lib/puma/thread_pool.rb:120:in `block in spawn_thread'

  Rendering api/places/index.json.jbuilder
  Rendered api/places/index.json.jbuilder (1.6ms)
Completed 200 OK in 3238ms (Views: 4.5ms | ActiveRecord: 0.0ms)


Started GET "/" for 127.0.0.1 at 2017-05-02 09:23:00 -0700
Processing by StaticPagesController#root as HTML
  Rendering static_pages/root.html.erb within layouts/application
  Rendered static_pages/root.html.erb within layouts/application (0.5ms)
Completed 200 OK in 1375ms (Views: 1374.1ms | ActiveRecord: 0.0ms)


Started GET "/api/yelp?latitude=37.75795850991875&longitude=-122.43198394775392&radius=402.335&term=restaurants" for 127.0.0.1 at 2017-05-02 09:23:06 -0700
Started GET "/api/places?radius=402.335&lat=37.75795850991875&lon=-122.43198394775392&type=transit_station" for 127.0.0.1 at 2017-05-02 09:23:06 -0700
Processing by Api::YelpController#index as JSON
  Parameters: {"latitude"=>"37.75795850991875", "longitude"=>"-122.43198394775392", "radius"=>"402.335", "term"=>"restaurants"}
Processing by Api::PlacesController#index as JSON
  Parameters: {"radius"=>"402.335", "lat"=>"37.75795850991875", "lon"=>"-122.43198394775392", "type"=>"transit_station"}
Completed 500 Internal Server Error in 251ms (ActiveRecord: 0.0ms)



TypeError - no implicit conversion of nil into Array:
  app/controllers/api/yelp_controller.rb:43:in `block in get_locations'
  app/controllers/api/yelp_controller.rb:41:in `get_locations'
  app/controllers/api/yelp_controller.rb:7:in `index'
  actionpack (5.0.2) lib/action_controller/metal/basic_implicit_render.rb:4:in `send_action'
  actionpack (5.0.2) lib/abstract_controller/base.rb:188:in `process_action'
  actionpack (5.0.2) lib/action_controller/metal/rendering.rb:30:in `process_action'
  actionpack (5.0.2) lib/abstract_controller/callbacks.rb:20:in `block in process_action'
  activesupport (5.0.2) lib/active_support/callbacks.rb:126:in `call'
  activesupport (5.0.2) lib/active_support/callbacks.rb:506:in `block (2 levels) in compile'
  activesupport (5.0.2) lib/active_support/callbacks.rb:455:in `call'
  activesupport (5.0.2) lib/active_support/callbacks.rb:101:in `__run_callbacks__'
  activesupport (5.0.2) lib/active_support/callbacks.rb:750:in `_run_process_action_callbacks'
  activesupport (5.0.2) lib/active_support/callbacks.rb:90:in `run_callbacks'
  actionpack (5.0.2) lib/abstract_controller/callbacks.rb:19:in `process_action'
  actionpack (5.0.2) lib/action_controller/metal/rescue.rb:20:in `process_action'
  actionpack (5.0.2) lib/action_controller/metal/instrumentation.rb:32:in `block in process_action'
  activesupport (5.0.2) lib/active_support/notifications.rb:164:in `block in instrument'
  activesupport (5.0.2) lib/active_support/notifications/instrumenter.rb:21:in `instrument'
  activesupport (5.0.2) lib/active_support/notifications.rb:164:in `instrument'
  actionpack (5.0.2) lib/action_controller/metal/instrumentation.rb:30:in `process_action'
  actionpack (5.0.2) lib/action_controller/metal/params_wrapper.rb:248:in `process_action'
  activerecord (5.0.2) lib/active_record/railties/controller_runtime.rb:18:in `process_action'
  actionpack (5.0.2) lib/abstract_controller/base.rb:126:in `process'
  actionview (5.0.2) lib/action_view/rendering.rb:30:in `process'
  actionpack (5.0.2) lib/action_controller/metal.rb:190:in `dispatch'
  actionpack (5.0.2) lib/action_controller/metal.rb:262:in `dispatch'
  actionpack (5.0.2) lib/action_dispatch/routing/route_set.rb:50:in `dispatch'
  actionpack (5.0.2) lib/action_dispatch/routing/route_set.rb:32:in `serve'
  actionpack (5.0.2) lib/action_dispatch/journey/router.rb:39:in `block in serve'
  actionpack (5.0.2) lib/action_dispatch/journey/router.rb:26:in `serve'
  actionpack (5.0.2) lib/action_dispatch/routing/route_set.rb:725:in `call'
  rack (2.0.1) lib/rack/etag.rb:25:in `call'
  rack (2.0.1) lib/rack/conditional_get.rb:25:in `call'
  rack (2.0.1) lib/rack/head.rb:12:in `call'
  rack (2.0.1) lib/rack/session/abstract/id.rb:222:in `context'
  rack (2.0.1) lib/rack/session/abstract/id.rb:216:in `call'
  actionpack (5.0.2) lib/action_dispatch/middleware/cookies.rb:613:in `call'
  activerecord (5.0.2) lib/active_record/migration.rb:553:in `call'
  actionpack (5.0.2) lib/action_dispatch/middleware/callbacks.rb:38:in `block in call'
  activesupport (5.0.2) lib/active_support/callbacks.rb:97:in `__run_callbacks__'
  activesupport (5.0.2) lib/active_support/callbacks.rb:750:in `_run_call_callbacks'
  activesupport (5.0.2) lib/active_support/callbacks.rb:90:in `run_callbacks'
  actionpack (5.0.2) lib/action_dispatch/middleware/callbacks.rb:36:in `call'
  actionpack (5.0.2) lib/action_dispatch/middleware/executor.rb:12:in `call'
  actionpack (5.0.2) lib/action_dispatch/middleware/remote_ip.rb:79:in `call'
  better_errors (2.1.1) lib/better_errors/middleware.rb:84:in `protected_app_call'
  better_errors (2.1.1) lib/better_errors/middleware.rb:79:in `better_errors_call'
  better_errors (2.1.1) lib/better_errors/middleware.rb:57:in `call'
  actionpack (5.0.2) lib/action_dispatch/middleware/debug_exceptions.rb:49:in `call'
  web-console (3.5.0) lib/web_console/middleware.rb:135:in `call_app'
  web-console (3.5.0) lib/web_console/middleware.rb:28:in `block in call'
  web-console (3.5.0) lib/web_console/middleware.rb:18:in `call'
  actionpack (5.0.2) lib/action_dispatch/middleware/show_exceptions.rb:31:in `call'
  railties (5.0.2) lib/rails/rack/logger.rb:36:in `call_app'
  railties (5.0.2) lib/rails/rack/logger.rb:24:in `block in call'
  activesupport (5.0.2) lib/active_support/tagged_logging.rb:69:in `block in tagged'
  activesupport (5.0.2) lib/active_support/tagged_logging.rb:26:in `tagged'
  activesupport (5.0.2) lib/active_support/tagged_logging.rb:69:in `tagged'
  railties (5.0.2) lib/rails/rack/logger.rb:24:in `call'
  sprockets-rails (3.2.0) lib/sprockets/rails/quiet_assets.rb:13:in `call'
  actionpack (5.0.2) lib/action_dispatch/middleware/request_id.rb:24:in `call'
  rack (2.0.1) lib/rack/method_override.rb:22:in `call'
  rack (2.0.1) lib/rack/runtime.rb:22:in `call'
  activesupport (5.0.2) lib/active_support/cache/strategy/local_cache_middleware.rb:28:in `call'
  actionpack (5.0.2) lib/action_dispatch/middleware/executor.rb:12:in `call'
  actionpack (5.0.2) lib/action_dispatch/middleware/static.rb:136:in `call'
  rack (2.0.1) lib/rack/sendfile.rb:111:in `call'
  railties (5.0.2) lib/rails/engine.rb:522:in `call'
  puma (3.8.2) lib/puma/configuration.rb:224:in `call'
  puma (3.8.2) lib/puma/server.rb:600:in `handle_request'
  puma (3.8.2) lib/puma/server.rb:435:in `process_client'
  puma (3.8.2) lib/puma/server.rb:299:in `block in run'
  puma (3.8.2) lib/puma/thread_pool.rb:120:in `block in spawn_thread'

  Rendering api/places/index.json.jbuilder
  Rendered api/places/index.json.jbuilder (1.6ms)
Completed 200 OK in 261ms (Views: 4.5ms | ActiveRecord: 0.0ms)


Started GET "/api/places?radius=402.335&lat=37.748322027789115&lon=-122.42734909057619&type=transit_station" for 127.0.0.1 at 2017-05-02 09:23:11 -0700
Processing by Api::PlacesController#index as JSON
  Parameters: {"radius"=>"402.335", "lat"=>"37.748322027789115", "lon"=>"-122.42734909057619", "type"=>"transit_station"}
Started GET "/api/yelp?latitude=37.748322027789115&longitude=-122.42734909057619&radius=402.335&term=restaurants" for 127.0.0.1 at 2017-05-02 09:23:11 -0700
Processing by Api::YelpController#index as JSON
  Parameters: {"latitude"=>"37.748322027789115", "longitude"=>"-122.42734909057619", "radius"=>"402.335", "term"=>"restaurants"}
  Rendering api/places/index.json.jbuilder
  Rendered api/places/index.json.jbuilder (0.7ms)
Completed 200 OK in 217ms (Views: 2.4ms | ActiveRecord: 0.0ms)


Completed 500 Internal Server Error in 256ms (ActiveRecord: 0.0ms)



TypeError - no implicit conversion of nil into Array:
  app/controllers/api/yelp_controller.rb:43:in `block in get_locations'
  app/controllers/api/yelp_controller.rb:41:in `get_locations'
  app/controllers/api/yelp_controller.rb:7:in `index'
  actionpack (5.0.2) lib/action_controller/metal/basic_implicit_render.rb:4:in `send_action'
  actionpack (5.0.2) lib/abstract_controller/base.rb:188:in `process_action'
  actionpack (5.0.2) lib/action_controller/metal/rendering.rb:30:in `process_action'
  actionpack (5.0.2) lib/abstract_controller/callbacks.rb:20:in `block in process_action'
  activesupport (5.0.2) lib/active_support/callbacks.rb:126:in `call'
  activesupport (5.0.2) lib/active_support/callbacks.rb:506:in `block (2 levels) in compile'
  activesupport (5.0.2) lib/active_support/callbacks.rb:455:in `call'
  activesupport (5.0.2) lib/active_support/callbacks.rb:101:in `__run_callbacks__'
  activesupport (5.0.2) lib/active_support/callbacks.rb:750:in `_run_process_action_callbacks'
  activesupport (5.0.2) lib/active_support/callbacks.rb:90:in `run_callbacks'
  actionpack (5.0.2) lib/abstract_controller/callbacks.rb:19:in `process_action'
  actionpack (5.0.2) lib/action_controller/metal/rescue.rb:20:in `process_action'
  actionpack (5.0.2) lib/action_controller/metal/instrumentation.rb:32:in `block in process_action'
  activesupport (5.0.2) lib/active_support/notifications.rb:164:in `block in instrument'
  activesupport (5.0.2) lib/active_support/notifications/instrumenter.rb:21:in `instrument'
  activesupport (5.0.2) lib/active_support/notifications.rb:164:in `instrument'
  actionpack (5.0.2) lib/action_controller/metal/instrumentation.rb:30:in `process_action'
  actionpack (5.0.2) lib/action_controller/metal/params_wrapper.rb:248:in `process_action'
  activerecord (5.0.2) lib/active_record/railties/controller_runtime.rb:18:in `process_action'
  actionpack (5.0.2) lib/abstract_controller/base.rb:126:in `process'
  actionview (5.0.2) lib/action_view/rendering.rb:30:in `process'
  actionpack (5.0.2) lib/action_controller/metal.rb:190:in `dispatch'
  actionpack (5.0.2) lib/action_controller/metal.rb:262:in `dispatch'
  actionpack (5.0.2) lib/action_dispatch/routing/route_set.rb:50:in `dispatch'
  actionpack (5.0.2) lib/action_dispatch/routing/route_set.rb:32:in `serve'
  actionpack (5.0.2) lib/action_dispatch/journey/router.rb:39:in `block in serve'
  actionpack (5.0.2) lib/action_dispatch/journey/router.rb:26:in `serve'
  actionpack (5.0.2) lib/action_dispatch/routing/route_set.rb:725:in `call'
  rack (2.0.1) lib/rack/etag.rb:25:in `call'
  rack (2.0.1) lib/rack/conditional_get.rb:25:in `call'
  rack (2.0.1) lib/rack/head.rb:12:in `call'
  rack (2.0.1) lib/rack/session/abstract/id.rb:222:in `context'
  rack (2.0.1) lib/rack/session/abstract/id.rb:216:in `call'
  actionpack (5.0.2) lib/action_dispatch/middleware/cookies.rb:613:in `call'
  activerecord (5.0.2) lib/active_record/migration.rb:553:in `call'
  actionpack (5.0.2) lib/action_dispatch/middleware/callbacks.rb:38:in `block in call'
  activesupport (5.0.2) lib/active_support/callbacks.rb:97:in `__run_callbacks__'
  activesupport (5.0.2) lib/active_support/callbacks.rb:750:in `_run_call_callbacks'
  activesupport (5.0.2) lib/active_support/callbacks.rb:90:in `run_callbacks'
  actionpack (5.0.2) lib/action_dispatch/middleware/callbacks.rb:36:in `call'
  actionpack (5.0.2) lib/action_dispatch/middleware/executor.rb:12:in `call'
  actionpack (5.0.2) lib/action_dispatch/middleware/remote_ip.rb:79:in `call'
  better_errors (2.1.1) lib/better_errors/middleware.rb:84:in `protected_app_call'
  better_errors (2.1.1) lib/better_errors/middleware.rb:79:in `better_errors_call'
  better_errors (2.1.1) lib/better_errors/middleware.rb:57:in `call'
  actionpack (5.0.2) lib/action_dispatch/middleware/debug_exceptions.rb:49:in `call'
  web-console (3.5.0) lib/web_console/middleware.rb:135:in `call_app'
  web-console (3.5.0) lib/web_console/middleware.rb:28:in `block in call'
  web-console (3.5.0) lib/web_console/middleware.rb:18:in `call'
  actionpack (5.0.2) lib/action_dispatch/middleware/show_exceptions.rb:31:in `call'
  railties (5.0.2) lib/rails/rack/logger.rb:36:in `call_app'
  railties (5.0.2) lib/rails/rack/logger.rb:24:in `block in call'
  activesupport (5.0.2) lib/active_support/tagged_logging.rb:69:in `block in tagged'
  activesupport (5.0.2) lib/active_support/tagged_logging.rb:26:in `tagged'
  activesupport (5.0.2) lib/active_support/tagged_logging.rb:69:in `tagged'
  railties (5.0.2) lib/rails/rack/logger.rb:24:in `call'
  sprockets-rails (3.2.0) lib/sprockets/rails/quiet_assets.rb:13:in `call'
  actionpack (5.0.2) lib/action_dispatch/middleware/request_id.rb:24:in `call'
  rack (2.0.1) lib/rack/method_override.rb:22:in `call'
  rack (2.0.1) lib/rack/runtime.rb:22:in `call'
  activesupport (5.0.2) lib/active_support/cache/strategy/local_cache_middleware.rb:28:in `call'
  actionpack (5.0.2) lib/action_dispatch/middleware/executor.rb:12:in `call'
  actionpack (5.0.2) lib/action_dispatch/middleware/static.rb:136:in `call'
  rack (2.0.1) lib/rack/sendfile.rb:111:in `call'
  railties (5.0.2) lib/rails/engine.rb:522:in `call'
  puma (3.8.2) lib/puma/configuration.rb:224:in `call'
  puma (3.8.2) lib/puma/server.rb:600:in `handle_request'
  puma (3.8.2) lib/puma/server.rb:435:in `process_client'
  puma (3.8.2) lib/puma/server.rb:299:in `block in run'
  puma (3.8.2) lib/puma/thread_pool.rb:120:in `block in spawn_thread'

Started GET "/" for 127.0.0.1 at 2017-05-02 09:24:02 -0700
Processing by StaticPagesController#root as HTML
  Rendering static_pages/root.html.erb within layouts/application
  Rendered static_pages/root.html.erb within layouts/application (0.4ms)
Completed 200 OK in 57ms (Views: 55.6ms | ActiveRecord: 0.0ms)


Started GET "/api/places?radius=402.335&lat=37.782790416475244&lon=-122.42340087890626&type=transit_station" for 127.0.0.1 at 2017-05-02 09:24:09 -0700
Processing by Api::PlacesController#index as JSON
  Parameters: {"radius"=>"402.335", "lat"=>"37.782790416475244", "lon"=>"-122.42340087890626", "type"=>"transit_station"}
Started GET "/api/yelp?latitude=37.782790416475244&longitude=-122.42340087890626&radius=402.335&term=restaurants" for 127.0.0.1 at 2017-05-02 09:24:09 -0700
Processing by Api::YelpController#index as JSON
  Parameters: {"latitude"=>"37.782790416475244", "longitude"=>"-122.42340087890626", "radius"=>"402.335", "term"=>"restaurants"}
Completed 500 Internal Server Error in 232ms (ActiveRecord: 0.0ms)



TypeError - no implicit conversion of nil into Array:
  app/controllers/api/yelp_controller.rb:43:in `block in get_locations'
  app/controllers/api/yelp_controller.rb:41:in `get_locations'
  app/controllers/api/yelp_controller.rb:7:in `index'
  actionpack (5.0.2) lib/action_controller/metal/basic_implicit_render.rb:4:in `send_action'
  actionpack (5.0.2) lib/abstract_controller/base.rb:188:in `process_action'
  actionpack (5.0.2) lib/action_controller/metal/rendering.rb:30:in `process_action'
  actionpack (5.0.2) lib/abstract_controller/callbacks.rb:20:in `block in process_action'
  activesupport (5.0.2) lib/active_support/callbacks.rb:126:in `call'
  activesupport (5.0.2) lib/active_support/callbacks.rb:506:in `block (2 levels) in compile'
  activesupport (5.0.2) lib/active_support/callbacks.rb:455:in `call'
  activesupport (5.0.2) lib/active_support/callbacks.rb:101:in `__run_callbacks__'
  activesupport (5.0.2) lib/active_support/callbacks.rb:750:in `_run_process_action_callbacks'
  activesupport (5.0.2) lib/active_support/callbacks.rb:90:in `run_callbacks'
  actionpack (5.0.2) lib/abstract_controller/callbacks.rb:19:in `process_action'
  actionpack (5.0.2) lib/action_controller/metal/rescue.rb:20:in `process_action'
  actionpack (5.0.2) lib/action_controller/metal/instrumentation.rb:32:in `block in process_action'
  activesupport (5.0.2) lib/active_support/notifications.rb:164:in `block in instrument'
  activesupport (5.0.2) lib/active_support/notifications/instrumenter.rb:21:in `instrument'
  activesupport (5.0.2) lib/active_support/notifications.rb:164:in `instrument'
  actionpack (5.0.2) lib/action_controller/metal/instrumentation.rb:30:in `process_action'
  actionpack (5.0.2) lib/action_controller/metal/params_wrapper.rb:248:in `process_action'
  activerecord (5.0.2) lib/active_record/railties/controller_runtime.rb:18:in `process_action'
  actionpack (5.0.2) lib/abstract_controller/base.rb:126:in `process'
  actionview (5.0.2) lib/action_view/rendering.rb:30:in `process'
  actionpack (5.0.2) lib/action_controller/metal.rb:190:in `dispatch'
  actionpack (5.0.2) lib/action_controller/metal.rb:262:in `dispatch'
  actionpack (5.0.2) lib/action_dispatch/routing/route_set.rb:50:in `dispatch'
  actionpack (5.0.2) lib/action_dispatch/routing/route_set.rb:32:in `serve'
  actionpack (5.0.2) lib/action_dispatch/journey/router.rb:39:in `block in serve'
  actionpack (5.0.2) lib/action_dispatch/journey/router.rb:26:in `serve'
  actionpack (5.0.2) lib/action_dispatch/routing/route_set.rb:725:in `call'
  rack (2.0.1) lib/rack/etag.rb:25:in `call'
  rack (2.0.1) lib/rack/conditional_get.rb:25:in `call'
  rack (2.0.1) lib/rack/head.rb:12:in `call'
  rack (2.0.1) lib/rack/session/abstract/id.rb:222:in `context'
  rack (2.0.1) lib/rack/session/abstract/id.rb:216:in `call'
  actionpack (5.0.2) lib/action_dispatch/middleware/cookies.rb:613:in `call'
  activerecord (5.0.2) lib/active_record/migration.rb:553:in `call'
  actionpack (5.0.2) lib/action_dispatch/middleware/callbacks.rb:38:in `block in call'
  activesupport (5.0.2) lib/active_support/callbacks.rb:97:in `__run_callbacks__'
  activesupport (5.0.2) lib/active_support/callbacks.rb:750:in `_run_call_callbacks'
  activesupport (5.0.2) lib/active_support/callbacks.rb:90:in `run_callbacks'
  actionpack (5.0.2) lib/action_dispatch/middleware/callbacks.rb:36:in `call'
  actionpack (5.0.2) lib/action_dispatch/middleware/executor.rb:12:in `call'
  actionpack (5.0.2) lib/action_dispatch/middleware/remote_ip.rb:79:in `call'
  better_errors (2.1.1) lib/better_errors/middleware.rb:84:in `protected_app_call'
  better_errors (2.1.1) lib/better_errors/middleware.rb:79:in `better_errors_call'
  better_errors (2.1.1) lib/better_errors/middleware.rb:57:in `call'
  actionpack (5.0.2) lib/action_dispatch/middleware/debug_exceptions.rb:49:in `call'
  web-console (3.5.0) lib/web_console/middleware.rb:135:in `call_app'
  web-console (3.5.0) lib/web_console/middleware.rb:28:in `block in call'
  web-console (3.5.0) lib/web_console/middleware.rb:18:in `call'
  actionpack (5.0.2) lib/action_dispatch/middleware/show_exceptions.rb:31:in `call'
  railties (5.0.2) lib/rails/rack/logger.rb:36:in `call_app'
  railties (5.0.2) lib/rails/rack/logger.rb:24:in `block in call'
  activesupport (5.0.2) lib/active_support/tagged_logging.rb:69:in `block in tagged'
  activesupport (5.0.2) lib/active_support/tagged_logging.rb:26:in `tagged'
  activesupport (5.0.2) lib/active_support/tagged_logging.rb:69:in `tagged'
  railties (5.0.2) lib/rails/rack/logger.rb:24:in `call'
  sprockets-rails (3.2.0) lib/sprockets/rails/quiet_assets.rb:13:in `call'
  actionpack (5.0.2) lib/action_dispatch/middleware/request_id.rb:24:in `call'
  rack (2.0.1) lib/rack/method_override.rb:22:in `call'
  rack (2.0.1) lib/rack/runtime.rb:22:in `call'
  activesupport (5.0.2) lib/active_support/cache/strategy/local_cache_middleware.rb:28:in `call'
  actionpack (5.0.2) lib/action_dispatch/middleware/executor.rb:12:in `call'
  actionpack (5.0.2) lib/action_dispatch/middleware/static.rb:136:in `call'
  rack (2.0.1) lib/rack/sendfile.rb:111:in `call'
  railties (5.0.2) lib/rails/engine.rb:522:in `call'
  puma (3.8.2) lib/puma/configuration.rb:224:in `call'
  puma (3.8.2) lib/puma/server.rb:600:in `handle_request'
  puma (3.8.2) lib/puma/server.rb:435:in `process_client'
  puma (3.8.2) lib/puma/server.rb:299:in `block in run'
  puma (3.8.2) lib/puma/thread_pool.rb:120:in `block in spawn_thread'

  Rendering api/places/index.json.jbuilder
  Rendered api/places/index.json.jbuilder (4.0ms)
Completed 200 OK in 2746ms (Views: 6.6ms | ActiveRecord: 0.0ms)


